#
# There is insufficient memory for the Java Runtime Environment to continue.
# Native memory allocation (malloc) failed to allocate 1048576 bytes for AllocateHeap
# Possible reasons:
#   The system is out of physical RAM or swap space
#   The process is running with CompressedOops enabled, and the Java Heap may be blocking the growth of the native heap
# Possible solutions:
#   Reduce memory load on the system
#   Increase physical memory or swap space
#   Check if swap backing store is full
#   Decrease Java heap size (-Xmx/-Xms)
#   Decrease number of Java threads
#   Decrease Java thread stack sizes (-Xss)
#   Set larger code cache with -XX:ReservedCodeCacheSize=
#   JVM is running with Unscaled Compressed Oops mode in which the Java heap is
#     placed in the first 4GB address space. The Java Heap base address is the
#     maximum limit for the native heap growth. Please use -XX:HeapBaseMinAddress
#     to set the Java Heap base and to place the Java Heap above 4GB virtual address.
# This output file may be truncated or incomplete.
#
#  Out of Memory Error (memory/allocation.inline.hpp:61), pid=2404, tid=0x000000000000352c
#
# JRE version:  (8.0_201-b09) (build )
# Java VM: Java HotSpot(TM) 64-Bit Server VM (25.201-b09 mixed mode windows-amd64 compressed oops)
# Failed to write core dump. Minidumps are not enabled by default on client versions of Windows
#

---------------  T H R E A D  ---------------

Current thread (0x0000000002ab2800):  JavaThread "Unknown thread" [_thread_in_vm, id=13612, stack(0x0000000002930000,0x0000000002a30000)]

Stack: [0x0000000002930000,0x0000000002a30000]
[error occurred during error reporting (printing stack bounds), id 0xc0000005]

Native frames: (J=compiled Java code, j=interpreted, Vv=VM code, C=native code)


---------------  P R O C E S S  ---------------

Java Threads: ( => current thread )

Other Threads:

=>0x0000000002ab2800 (exited) JavaThread "Unknown thread" [_thread_in_vm, id=13612, stack(0x0000000002930000,0x0000000002a30000)]

VM state:not at safepoint (normal execution)

VM Mutex/Monitor currently owned by a thread: None

heap address: 0x0000000081600000, size: 2026 MB, Compressed Oops mode: 32-bit
Narrow klass base: 0x0000000000000000, Narrow klass shift: 3
Compressed class space size: 1073741824 Address: 0x0000000100000000

Heap:
 PSYoungGen      total 38400K, used 665K [0x00000000d5d00000, 0x00000000d8780000, 0x0000000100000000)
  eden space 33280K, 2% used [0x00000000d5d00000,0x00000000d5da6670,0x00000000d7d80000)
  from space 5120K, 0% used [0x00000000d8280000,0x00000000d8280000,0x00000000d8780000)
  to   space 5120K, 0% used [0x00000000d7d80000,0x00000000d7d80000,0x00000000d8280000)
 ParOldGen       total 87552K, used 0K [0x0000000081600000, 0x0000000086b80000, 0x00000000d5d00000)
  object space 87552K, 0% used [0x0000000081600000,0x0000000081600000,0x0000000086b80000)
 Metaspace       used 751K, capacity 4480K, committed 4480K, reserved 1056768K
  class space    used 76K, capacity 384K, committed 384K, reserved 1048576K

Card table byte_map: [0x0000000011f70000,0x0000000012370000] byte_map_base: 0x0000000011b65000

Marking Bits: (ParMarkBitMap*) 0x0000000057334ce0
 Begin Bits: [0x0000000012a20000, 0x00000000149c8000)
 End Bits:   [0x00000000149c8000, 0x0000000016970000)

Polling page: 0x0000000000df0000

CodeCache: size=245760Kb used=328Kb max_used=328Kb free=245431Kb
 bounds [0x0000000002bb0000, 0x0000000002e20000, 0x0000000011bb0000]
 total_blobs=58 nmethods=0 adapters=38
 compilation: enabled

Compilation events (0 events):
No events

GC Heap History (0 events):
No events

Deoptimization events (0 events):
No events

Classes redefined (0 events):
No events

Internal exceptions (0 events):
No events

Events (10 events):
Event: 0.054 loading class java/lang/Short
Event: 0.054 loading class java/lang/Short done
Event: 0.054 loading class java/lang/Integer
Event: 0.054 loading class java/lang/Integer done
Event: 0.054 loading class java/lang/Long
Event: 0.054 loading class java/lang/Long done
Event: 0.056 loading class java/lang/NullPointerException
Event: 0.056 loading class java/lang/NullPointerException done
Event: 0.056 loading class java/lang/ArithmeticException
Event: 0.056 loading class java/lang/ArithmeticException done


Dynamic libraries:
0x00007ff710110000 - 0x00007ff710147000 	C:\Program Files\Java\jre1.8.0_201\bin\javaw.exe
0x00007ff94e1a0000 - 0x00007ff94e381000 	C:\Windows\SYSTEM32\ntdll.dll
0x00007ff94dc20000 - 0x00007ff94dcd2000 	C:\Windows\System32\KERNEL32.DLL
0x00007ff94a570000 - 0x00007ff94a7e3000 	C:\Windows\System32\KERNELBASE.dll
0x00007ff94b7b0000 - 0x00007ff94b851000 	C:\Windows\System32\ADVAPI32.dll
0x00007ff94bfe0000 - 0x00007ff94c07e000 	C:\Windows\System32\msvcrt.dll
0x00007ff94d5f0000 - 0x00007ff94d64b000 	C:\Windows\System32\sechost.dll
0x00007ff94ba60000 - 0x00007ff94bb84000 	C:\Windows\System32\RPCRT4.dll
0x00007ff94dfe0000 - 0x00007ff94e170000 	C:\Windows\System32\USER32.dll
0x00007ff94b610000 - 0x00007ff94b630000 	C:\Windows\System32\win32u.dll
0x00007ff94bc70000 - 0x00007ff94bc98000 	C:\Windows\System32\GDI32.dll
0x00007ff94b470000 - 0x00007ff94b602000 	C:\Windows\System32\gdi32full.dll
0x00007ff94b3d0000 - 0x00007ff94b46f000 	C:\Windows\System32\msvcp_win.dll
0x00007ff94a8c0000 - 0x00007ff94a9ba000 	C:\Windows\System32\ucrtbase.dll
0x00007ff9408b0000 - 0x00007ff940b19000 	C:\Windows\WinSxS\amd64_microsoft.windows.common-controls_6595b64144ccf1df_6.0.17134.590_none_fb3d9bff3069e088\COMCTL32.dll
0x00007ff94bca0000 - 0x00007ff94bfc2000 	C:\Windows\System32\combase.dll
0x00007ff94a840000 - 0x00007ff94a8ba000 	C:\Windows\System32\bcryptPrimitives.dll
0x00007ff94d5c0000 - 0x00007ff94d5ed000 	C:\Windows\System32\IMM32.DLL
0x0000000055fc0000 - 0x0000000056091000 	C:\Program Files\Java\jre1.8.0_201\bin\msvcr100.dll
0x0000000056b10000 - 0x00000000573b4000 	C:\Program Files\Java\jre1.8.0_201\bin\server\jvm.dll
0x00007ff94bfd0000 - 0x00007ff94bfd8000 	C:\Windows\System32\PSAPI.DLL
0x00007ff946d10000 - 0x00007ff946d19000 	C:\Windows\SYSTEM32\WSOCK32.dll
0x00007ff94daa0000 - 0x00007ff94db0c000 	C:\Windows\System32\WS2_32.dll
0x00007ff946050000 - 0x00007ff946073000 	C:\Windows\SYSTEM32\WINMM.dll
0x00007ff9421d0000 - 0x00007ff9421da000 	C:\Windows\SYSTEM32\VERSION.dll
0x00007ff946020000 - 0x00007ff94604a000 	C:\Windows\SYSTEM32\WINMMBASE.dll
0x00007ff94a7f0000 - 0x00007ff94a839000 	C:\Windows\System32\cfgmgr32.dll
0x00007ff946100000 - 0x00007ff94610f000 	C:\Program Files\Java\jre1.8.0_201\bin\verify.dll
0x00007ff9454a0000 - 0x00007ff9454c9000 	C:\Program Files\Java\jre1.8.0_201\bin\java.dll
0x00007ff9455c0000 - 0x00007ff9455d6000 	C:\Program Files\Java\jre1.8.0_201\bin\zip.dll

VM Arguments:
jvm_args: -Dfile.encoding=Cp1252 
java_command: com.agro.testes.LeituraTeste
java_class_path (initial): C:\Users\luizf\Documents\JavaAprendizagem\ValeDoSol2\target\classes;C:\Users\luizf\.m2\repository\org\hibernate\hibernate-core\5.3.7.Final\hibernate-core-5.3.7.Final.jar;C:\Users\luizf\.m2\repository\org\jboss\logging\jboss-logging\3.3.2.Final\jboss-logging-3.3.2.Final.jar;C:\Users\luizf\.m2\repository\javax\persistence\javax.persistence-api\2.2\javax.persistence-api-2.2.jar;C:\Users\luizf\.m2\repository\org\javassist\javassist\3.23.1-GA\javassist-3.23.1-GA.jar;C:\Users\luizf\.m2\repository\net\bytebuddy\byte-buddy\1.8.17\byte-buddy-1.8.17.jar;C:\Users\luizf\.m2\repository\antlr\antlr\2.7.7\antlr-2.7.7.jar;C:\Users\luizf\.m2\repository\org\jboss\spec\javax\transaction\jboss-transaction-api_1.2_spec\1.1.1.Final\jboss-transaction-api_1.2_spec-1.1.1.Final.jar;C:\Users\luizf\.m2\repository\org\jboss\jandex\2.0.5.Final\jandex-2.0.5.Final.jar;C:\Users\luizf\.m2\repository\com\fasterxml\classmate\1.3.4\classmate-1.3.4.jar;C:\Users\luizf\.m2\repository\javax\activation\javax.activation-api\1.2.0\javax.activation-api-1.2.0.jar;C:\Users\luizf\.m2\repository\org\dom4j\dom4j\2.1.1\dom4j-2.1.1.jar;C:\Users\luizf\.m2\repository\org\hibernate\common\hibernate-commons-annotations\5.0.4.Final\hibernate-commons-annotations-5.0.4.Final.jar;C:\Users\luizf\.m2\repository\org\hibernate\javax\persistence\hibernate-jpa-2.1-api\1.0.0.Final\hibernate-jpa-2.1-api-1.0.0.Final.jar;C:\Users\luizf\.m2\repository\org\hibernate\hibernate-entitymanager\5.3.7.Final\hibernate-entitymanager-5.3.7.Final.jar;C:\Users\luizf\.m2\repository\mysql\mysql-connector-java\5.1.47\mysql-connector-java-5.1.47.jar;C:\Users\luizf\.m2\repository\org\glassfish\javax.faces\2.1.21\javax.faces-2.1.21.jar
Launcher Type: SUN_STANDARD

Environment Variables:
JAVA_HOME=C:\Program Files\Java\jdk1.8.0_201
CLASSPATH=;C:\Program Files\Java\jdk1.8.0_201\lib;C:\Program Files\Java\jdk1.8.0_201\lib\tools.jar;C:\Program Files\Java\jdk1.8.0_201\lib\dt.jar;C:\Program Files\Java\jdk1.8.0_201\lib\htmlconverter.jar;C:\Program Files\Java\jdk1.8.0_201\jre\lib;C:\Program Files\Java\jdk1.8.0_201\jre\lib\rt.jar;
PATH=C:/Program Files/Java/jre1.8.0_201/bin/server;C:/Program Files/Java/jre1.8.0_201/bin;C:/Program Files/Java/jre1.8.0_201/lib/amd64;C:\Program Files (x86)\Common Files\Oracle\Java\javapath;C:\Program Files\AdoptOpenJDK\jdk-11.0.2+9\bin;C:\Windows\system32;C:\Windows;C:\Windows\System32\Wbem;C:\Windows\System32\WindowsPowerShell\v1.0\;C:\Windows\System32\OpenSSH\;C:\Program Files\Microsoft VS Code\bin;";C:\Program Files\Java\jdk1.8.0_201\bin";C:\Program Files\Git\cmd;C:\PostgreSQL\pg11\bin;C:\Users\luizf\AppData\Local\Microsoft\WindowsApps;;C:\Users\luizf\Documents\java\spring-tool-suite-4-4.1.1.RELEASE-e4.10.0-win32.win32.x86_64\sts-4.1.1.RELEASE;
USERNAME=luizf
OS=Windows_NT
PROCESSOR_IDENTIFIER=Intel64 Family 6 Model 69 Stepping 1, GenuineIntel



---------------  S Y S T E M  ---------------

OS: Windows 10.0 , 64 bit Build 17134 (10.0.17134.556)

CPU:total 4 (initial active 4) (2 cores per cpu, 2 threads per core) family 6 model 69 stepping 1, cmov, cx8, fxsr, mmx, sse, sse2, sse3, ssse3, sse4.1, sse4.2, popcnt, avx, avx2, aes, clmul, erms, lzcnt, ht, tsc, tscinvbit, bmi1, bmi2

Memory: 4k page, physical 8291404k(1371640k free), swap 22873416k(6020k free)

vm_info: Java HotSpot(TM) 64-Bit Server VM (25.201-b09) for windows-amd64 JRE (1.8.0_201-b09), built on Dec 15 2018 18:36:39 by "java_re" with MS VC++ 10.0 (VS2010)

time: Tue Feb 19 19:27:14 2019
timezone: Hora Padrão Brasil Central
elapsed time: 0 seconds (0d 0h 0m 0s)

